\BOOKMARK [1][-]{section.1}{Structure/Appearance}{}% 1
\BOOKMARK [2][-]{subsection.1.1}{Types of documents}{section.1}% 2
\BOOKMARK [3][-]{subsubsection.1.1.1}{Article}{subsection.1.1}% 3
\BOOKMARK [3][-]{subsubsection.1.1.2}{Report}{subsection.1.1}% 4
\BOOKMARK [2][-]{subsection.1.2}{Margins}{section.1}% 5
\BOOKMARK [3][-]{subsubsection.1.2.1}{Entire document}{subsection.1.2}% 6
\BOOKMARK [3][-]{subsubsection.1.2.2}{Blocks of text}{subsection.1.2}% 7
\BOOKMARK [2][-]{subsection.1.3}{Line spacing and indentation}{section.1}% 8
\BOOKMARK [2][-]{subsection.1.4}{Headers and footers}{section.1}% 9
\BOOKMARK [2][-]{subsection.1.5}{Text alignment}{section.1}% 10
\BOOKMARK [3][-]{subsubsection.1.5.1}{Horizontal alignment}{subsection.1.5}% 11
\BOOKMARK [3][-]{subsubsection.1.5.2}{Vertical alignment}{subsection.1.5}% 12
\BOOKMARK [2][-]{subsection.1.6}{Font}{section.1}% 13
\BOOKMARK [3][-]{subsubsection.1.6.1}{Font style}{subsection.1.6}% 14
\BOOKMARK [3][-]{subsubsection.1.6.2}{Font size inside text}{subsection.1.6}% 15
\BOOKMARK [1][-]{section.2}{Sections}{}% 16
\BOOKMARK [2][-]{subsection.2.1}{Nested section options}{section.2}% 17
\BOOKMARK [2][-]{subsection.2.2}{Customize sectioning in the preamble}{section.2}% 18
\BOOKMARK [2][-]{subsection.2.3}{Table of contents}{section.2}% 19
\BOOKMARK [2][-]{subsection.2.4}{Referring to sections in text using section labels}{section.2}% 20
\BOOKMARK [1][-]{section.3}{Lists}{}% 21
\BOOKMARK [2][-]{subsection.3.1}{Numbering}{section.3}% 22
\BOOKMARK [1][-]{section.4}{Color}{}% 23
\BOOKMARK [2][-]{subsection.4.1}{Color section names}{section.4}% 24
\BOOKMARK [2][-]{subsection.4.2}{Color background }{section.4}% 25
\BOOKMARK [2][-]{subsection.4.3}{Color text}{section.4}% 26
\BOOKMARK [2][-]{subsection.4.4}{Define your own colors}{section.4}% 27
\BOOKMARK [1][-]{section.5}{Hyperlinks}{}% 28
\BOOKMARK [1][-]{section.6}{Putting text in a box}{}% 29
\BOOKMARK [1][-]{section.7}{Figures}{}% 30
\BOOKMARK [1][-]{section.8}{Tables}{}% 31
\BOOKMARK [1][-]{section.9}{Bibliographies}{}% 32
\BOOKMARK [2][-]{subsection.9.1}{Creating and using a makefile}{section.9}% 33
\BOOKMARK [1][-]{section.10}{Columns}{}% 34
\BOOKMARK [1][-]{section.11}{Maths!}{}% 35
\BOOKMARK [2][-]{subsection.11.1}{Inside text}{section.11}% 36
\BOOKMARK [2][-]{subsection.11.2}{Equations}{section.11}% 37
\BOOKMARK [3][-]{subsubsection.11.2.1}{Numbered equations}{subsection.11.2}% 38
\BOOKMARK [3][-]{subsubsection.11.2.2}{Equations without numbering}{subsection.11.2}% 39
\BOOKMARK [3][-]{subsubsection.11.2.3}{Aligning equations}{subsection.11.2}% 40
\BOOKMARK [2][-]{subsection.11.3}{Size of brackets, parentheses, etc.}{section.11}% 41
\BOOKMARK [2][-]{subsection.11.4}{Operations}{section.11}% 42
\BOOKMARK [3][-]{subsubsection.11.4.1}{Integrals}{subsection.11.4}% 43
\BOOKMARK [3][-]{subsubsection.11.4.2}{Square root}{subsection.11.4}% 44
\BOOKMARK [3][-]{subsubsection.11.4.3}{Summation \(and the multiplication version\)}{subsection.11.4}% 45
\BOOKMARK [1][-]{section.12}{Symbols}{}% 46
\BOOKMARK [1][-]{section.13}{Misc}{}% 47
\BOOKMARK [2][-]{subsection.13.1}{Tips}{section.13}% 48
\BOOKMARK [2][-]{subsection.13.2}{Create your own command!}{section.13}% 49
\BOOKMARK [2][-]{subsection.13.3}{Verbatim}{section.13}% 50
\BOOKMARK [1][-]{section.14}{How can I do that?}{}% 51
