\BOOKMARK [1][-]{section.1}{The way of the program}{}% 1
\BOOKMARK [1][-]{section.2}{Variables, expressions, and statements}{}% 2
\BOOKMARK [2][-]{subsection.2.1}{Values and types}{section.2}% 3
\BOOKMARK [2][-]{subsection.2.2}{Variables}{section.2}% 4
\BOOKMARK [2][-]{subsection.2.3}{Variable names and keywords}{section.2}% 5
\BOOKMARK [2][-]{subsection.2.4}{Operators and operands}{section.2}% 6
\BOOKMARK [2][-]{subsection.2.5}{Expressions and statements}{section.2}% 7
\BOOKMARK [2][-]{subsection.2.6}{Interactive mode and script mode}{section.2}% 8
\BOOKMARK [2][-]{subsection.2.7}{Order of operations}{section.2}% 9
\BOOKMARK [2][-]{subsection.2.8}{String operations}{section.2}% 10
\BOOKMARK [2][-]{subsection.2.9}{Comments}{section.2}% 11
\BOOKMARK [2][-]{subsection.2.10}{Debugging}{section.2}% 12
\BOOKMARK [1][-]{section.3}{Functions}{}% 13
\BOOKMARK [2][-]{subsection.3.1}{Function calls}{section.3}% 14
\BOOKMARK [2][-]{subsection.3.2}{Type conversion functions}{section.3}% 15
\BOOKMARK [2][-]{subsection.3.3}{Math functions}{section.3}% 16
\BOOKMARK [2][-]{subsection.3.4}{Composition}{section.3}% 17
\BOOKMARK [2][-]{subsection.3.5}{Adding new functions}{section.3}% 18
\BOOKMARK [2][-]{subsection.3.6}{Definitions and uses}{section.3}% 19
\BOOKMARK [2][-]{subsection.3.7}{Flow of execution}{section.3}% 20
\BOOKMARK [2][-]{subsection.3.8}{Parameters and arguments}{section.3}% 21
\BOOKMARK [2][-]{subsection.3.9}{Variables and parameters are local}{section.3}% 22
\BOOKMARK [2][-]{subsection.3.10}{Stack diagrams}{section.3}% 23
\BOOKMARK [2][-]{subsection.3.11}{Fruitful functions and void functions}{section.3}% 24
\BOOKMARK [2][-]{subsection.3.12}{Why functions?}{section.3}% 25
\BOOKMARK [2][-]{subsection.3.13}{Importing with from}{section.3}% 26
\BOOKMARK [2][-]{subsection.3.14}{Debugging}{section.3}% 27
\BOOKMARK [1][-]{section.4}{Case study: interface design}{}% 28
\BOOKMARK [1][-]{section.5}{Conditionals and recursion}{}% 29
\BOOKMARK [1][-]{section.6}{Fruitful functions}{}% 30
\BOOKMARK [1][-]{section.7}{Iteration}{}% 31
\BOOKMARK [1][-]{section.8}{Strings}{}% 32
\BOOKMARK [2][-]{subsection.8.1}{A string is a sequence}{section.8}% 33
\BOOKMARK [2][-]{subsection.8.2}{len}{section.8}% 34
\BOOKMARK [2][-]{subsection.8.3}{Traversal with a for loop}{section.8}% 35
\BOOKMARK [2][-]{subsection.8.4}{String slices}{section.8}% 36
\BOOKMARK [2][-]{subsection.8.5}{Strings are immutable}{section.8}% 37
\BOOKMARK [2][-]{subsection.8.6}{Searching}{section.8}% 38
\BOOKMARK [2][-]{subsection.8.7}{Looping and counting}{section.8}% 39
\BOOKMARK [2][-]{subsection.8.8}{String methods}{section.8}% 40
\BOOKMARK [2][-]{subsection.8.9}{The in operator}{section.8}% 41
\BOOKMARK [2][-]{subsection.8.10}{String comparison}{section.8}% 42
\BOOKMARK [2][-]{subsection.8.11}{Debugging}{section.8}% 43
\BOOKMARK [1][-]{section.9}{Case study: word play}{}% 44
\BOOKMARK [1][-]{section.10}{Lists}{}% 45
\BOOKMARK [2][-]{subsection.10.1}{A list is a sequence}{section.10}% 46
\BOOKMARK [2][-]{subsection.10.2}{Lists are mutable}{section.10}% 47
\BOOKMARK [2][-]{subsection.10.3}{Traversing a list}{section.10}% 48
\BOOKMARK [2][-]{subsection.10.4}{List operations}{section.10}% 49
\BOOKMARK [2][-]{subsection.10.5}{List slices}{section.10}% 50
\BOOKMARK [2][-]{subsection.10.6}{List methods}{section.10}% 51
\BOOKMARK [2][-]{subsection.10.7}{Map, filter, and reduce}{section.10}% 52
\BOOKMARK [2][-]{subsection.10.8}{Deleting elements}{section.10}% 53
\BOOKMARK [2][-]{subsection.10.9}{Lists and strings}{section.10}% 54
\BOOKMARK [2][-]{subsection.10.10}{Objects and values}{section.10}% 55
\BOOKMARK [2][-]{subsection.10.11}{Aliasing}{section.10}% 56
\BOOKMARK [2][-]{subsection.10.12}{List arguments}{section.10}% 57
\BOOKMARK [2][-]{subsection.10.13}{Debugging}{section.10}% 58
\BOOKMARK [1][-]{section.11}{Dictionaries}{}% 59
\BOOKMARK [1][-]{section.12}{Tuples}{}% 60
\BOOKMARK [2][-]{subsection.12.1}{Tuples are immutable}{section.12}% 61
\BOOKMARK [2][-]{subsection.12.2}{Tuple assignment}{section.12}% 62
\BOOKMARK [2][-]{subsection.12.3}{Tuples as return values}{section.12}% 63
\BOOKMARK [2][-]{subsection.12.4}{Variable-length argument tuples}{section.12}% 64
\BOOKMARK [2][-]{subsection.12.5}{Lists and tuples}{section.12}% 65
\BOOKMARK [2][-]{subsection.12.6}{Dictionaries and tuples}{section.12}% 66
\BOOKMARK [2][-]{subsection.12.7}{Comparing tuples}{section.12}% 67
\BOOKMARK [2][-]{subsection.12.8}{Sequences of sequences}{section.12}% 68
\BOOKMARK [2][-]{subsection.12.9}{Debugging}{section.12}% 69
\BOOKMARK [1][-]{section.13}{Case study: data structure selection}{}% 70
\BOOKMARK [1][-]{section.14}{Files}{}% 71
\BOOKMARK [2][-]{subsection.14.1}{Persistence}{section.14}% 72
\BOOKMARK [2][-]{subsection.14.2}{Reading and writing}{section.14}% 73
\BOOKMARK [2][-]{subsection.14.3}{Format operator}{section.14}% 74
\BOOKMARK [2][-]{subsection.14.4}{Filenames and paths}{section.14}% 75
\BOOKMARK [1][-]{section.15}{Classes and objects}{}% 76
\BOOKMARK [1][-]{section.16}{Classes and functions}{}% 77
\BOOKMARK [1][-]{section.17}{Classes and methods}{}% 78
\BOOKMARK [1][-]{section.18}{Inheritance}{}% 79
\BOOKMARK [1][-]{section.19}{Case study: Tkinter}{}% 80
\BOOKMARK [1][-]{section.20}{Debugging}{}% 81
\BOOKMARK [1][-]{section.21}{Analysis of Algorithms}{}% 82
\BOOKMARK [1][-]{section.22}{Lumpy}{}% 83
