\BOOKMARK [1][-]{section.1}{Structure/Appearance}{}
\BOOKMARK [2][-]{subsection.1.1}{Types of documents}{section.1}
\BOOKMARK [3][-]{subsubsection.1.1.1}{Article}{subsection.1.1}
\BOOKMARK [3][-]{subsubsection.1.1.2}{Report}{subsection.1.1}
\BOOKMARK [3][-]{subsubsection.1.1.3}{Beamer}{subsection.1.1}
\BOOKMARK [2][-]{subsection.1.2}{Margins}{section.1}
\BOOKMARK [2][-]{subsection.1.3}{Line spacing and indentation}{section.1}
\BOOKMARK [2][-]{subsection.1.4}{Headers and footers}{section.1}
\BOOKMARK [2][-]{subsection.1.5}{Text alignment}{section.1}
\BOOKMARK [2][-]{subsection.1.6}{Font size inside text}{section.1}
\BOOKMARK [2][-]{subsection.1.7}{Font style}{section.1}
\BOOKMARK [2][-]{subsection.1.8}{Spacing}{section.1}
\BOOKMARK [3][-]{subsubsection.1.8.1}{Center justify text}{subsection.1.8}
\BOOKMARK [1][-]{section.2}{Sections}{}
\BOOKMARK [2][-]{subsection.2.1}{Nested section options}{section.2}
\BOOKMARK [2][-]{subsection.2.2}{Referring to sections in text using section labels}{section.2}
\BOOKMARK [2][-]{subsection.2.3}{Customize sectioning in the preamble}{section.2}
\BOOKMARK [1][-]{section.3}{Figures}{}
\BOOKMARK [1][-]{section.4}{Tables}{}
\BOOKMARK [1][-]{section.5}{Maths!}{}
\BOOKMARK [2][-]{subsection.5.1}{Inside text}{section.5}
\BOOKMARK [2][-]{subsection.5.2}{Equations}{section.5}
\BOOKMARK [3][-]{subsubsection.5.2.1}{Numbered equations}{subsection.5.2}
\BOOKMARK [3][-]{subsubsection.5.2.2}{Equations without numbering}{subsection.5.2}
\BOOKMARK [3][-]{subsubsection.5.2.3}{Aligning equations}{subsection.5.2}
\BOOKMARK [2][-]{subsection.5.3}{Size of brackets, parentheses, etc.}{section.5}
\BOOKMARK [2][-]{subsection.5.4}{Operations}{section.5}
\BOOKMARK [3][-]{subsubsection.5.4.1}{Integrals}{subsection.5.4}
\BOOKMARK [3][-]{subsubsection.5.4.2}{Square root}{subsection.5.4}
\BOOKMARK [3][-]{subsubsection.5.4.3}{Summation \(and the multiplication version\)}{subsection.5.4}
\BOOKMARK [1][-]{section.6}{Symbols}{}
\BOOKMARK [1][-]{section.7}{Itemized Lists}{}
\BOOKMARK [2][-]{subsubsection.7.0.4}{Adjust spacing between items}{section.7}
\BOOKMARK [3][-]{subsubsection.7.0.5}{Numbering}{subsubsection.7.0.4}
\BOOKMARK [1][-]{section.8}{Color}{}
\BOOKMARK [2][-]{subsection.8.1}{Color section names}{section.8}
\BOOKMARK [2][-]{subsection.8.2}{Color background }{section.8}
\BOOKMARK [2][-]{subsection.8.3}{Color text}{section.8}
\BOOKMARK [2][-]{subsection.8.4}{Define your own colors!}{section.8}
\BOOKMARK [1][-]{section.9}{Hyperlinks}{}
\BOOKMARK [1][-]{section.10}{Putting text in a box}{}
\BOOKMARK [1][-]{section.11}{Bibliographies}{}
\BOOKMARK [2][-]{subsection.11.1}{Creating and using a makefile}{section.11}
\BOOKMARK [1][-]{section.12}{Columns}{}
\BOOKMARK [1][-]{section.13}{Misc}{}
\BOOKMARK [2][-]{subsection.13.1}{Tips}{section.13}
\BOOKMARK [2][-]{subsection.13.2}{Create your own command!}{section.13}
\BOOKMARK [2][-]{subsection.13.3}{Verbatim}{section.13}
